#
# A fatal error has been detected by the Java Runtime Environment:
#
#  EXCEPTION_ACCESS_VIOLATION (0xc0000005) at pc=0x00007ff85cc13416, pid=10864, tid=4552
#
# JRE version: Java(TM) SE Runtime Environment (12.0.2+10) (build 12.0.2+10)
# Java VM: Java HotSpot(TM) 64-Bit Server VM (12.0.2+10, mixed mode, sharing, tiered, compressed oops, g1 gc, windows-amd64)
# Problematic frame:
# C  [ntdll.dll+0x63416]
#
# No core dump will be written. Minidumps are not enabled by default on client versions of Windows
#
# If you would like to submit a bug report, please visit:
#   http://bugreport.java.com/bugreport/crash.jsp
# The crash happened outside the Java Virtual Machine in native code.
# See problematic frame for where to report the bug.
#

---------------  S U M M A R Y ------------

Command Line: -Dfile.encoding=windows-1252 -Duser.country=BR -Duser.language=pt -Duser.variant -ea Main

Host: Intel(R) Core(TM) i5-5200U CPU @ 2.20GHz, 4 cores, 7G,  Windows 10 , 64 bit Build 19041 (10.0.19041.928)
Time: Sat May  1 23:44:19 2021 Hora oficial do Brasil elapsed time: 33 seconds (0d 0h 0m 33s)

---------------  T H R E A D  ---------------

Current thread (0x00000215b0c49800):  JavaThread "main" [_thread_in_native, id=4552, stack(0x0000002e7e200000,0x0000002e7e300000)]

Stack: [0x0000002e7e200000,0x0000002e7e300000],  sp=0x0000002e7e2fbb90,  free space=1006k
Native frames: (J=compiled Java code, j=interpreted, Vv=VM code, C=native code)
C  [ntdll.dll+0x63416]
C  [ntdll.dll+0x2fcb4]
C  [ntdll.dll+0x2fae2]
C  [graphics-hook64.dll+0x27bf]

Java frames: (J=compiled Java code, j=interpreted, Vv=VM code)
J 1106  org.lwjgl.system.JNI.invokePV(JJ)V (0 bytes) @ 0x00000215c0b6e414 [0x00000215c0b6e3c0+0x0000000000000054]
J 1130 c1 org.lwjgl.glfw.GLFW.glfwSwapBuffers(J)V (21 bytes) @ 0x00000215b98200ec [0x00000215b9820000+0x00000000000000ec]
j  sge.EngineCore.loop()V+71
j  sge.EngineCore.run()V+19
j  Main.main([Ljava/lang/String;)V+28
v  ~StubRoutines::call_stub

siginfo: EXCEPTION_ACCESS_VIOLATION (0xc0000005), writing address 0x0000000000000024


Register to memory mapping:

RIP=0x00007ff85cc13416 ntdll.dll
RAX=0x0 is NULL
RBX=0x00007ff819d43db8 graphics-hook64.dll
RCX=0x00007ff819d43db8 graphics-hook64.dll
RDX=
[error occurred during error reporting (printing register info), id 0xc0000005, EXCEPTION_ACCESS_VIOLATION (0xc0000005) at pc=0x00007ffffb8998df]

Registers:
RAX=0x0000000000000000, RBX=0x00007ff819d43db8, RCX=0x00007ff819d43db8, RDX=0x00000000fffffffa
RSP=0x0000002e7e2fbb90, RBP=0x0000000000000000, RSI=0x0000000000000000, RDI=0x0000000000000000
R8 =0x0000000000000000, R9 =0x00007ff819d43d00, R10=0x0000002e7e2fbd70, R11=0xfffffffffa7f25c4
R12=0x0000000000000000, R13=0x0000002e7dd66000, R14=0x0000000000000001, R15=0x0000000000000000
RIP=0x00007ff85cc13416, EFLAGS=0x0000000000010213

Top of Stack: (sp=0x0000002e7e2fbb90)
0x0000002e7e2fbb90:   ffffffffffffffff 00007ff819d43db8
0x0000002e7e2fbba0:   00000215d8fac8d0 00007ff85cbd47b1
0x0000002e7e2fbbb0:   0000000000000000 00000215aea40000
0x0000002e7e2fbbc0:   00000215d62e4040 0000000000000000
0x0000002e7e2fbbd0:   0000000000000000 00000000fffffffa
0x0000002e7e2fbbe0:   0000002e7dd66000 00007ff8569883fc
0x0000002e7e2fbbf0:   0000000000000001 00007ff858c35bdf
0x0000002e7e2fbc00:   0000000000000880 0000002e7e2fbc80
0x0000002e7e2fbc10:   0000002e7e2fbc80 00007ff8569ae59e
0x0000002e7e2fbc20:   0000f1b4723d1766 00007ff8569a322a
0x0000002e7e2fbc30:   0000000000000000 0000000000000001
0x0000002e7e2fbc40:   0000000000000001 0000000000000001
0x0000002e7e2fbc50:   0000000000000000 00007ff819d43db8
0x0000002e7e2fbc60:   0000000000000000 00007ff85cbdfcb4
0x0000002e7e2fbc70:   00000215d04dd8d0 0000000000000001
0x0000002e7e2fbc80:   00000000fffffffa 00007ff85a62165e 

Instructions: (pc=0x00007ff85cc13416)
0x00007ff85cc13316:   20 e9 ed fe ff ff 48 89 41 18 e9 e4 fe ff ff cc
0x00007ff85cc13326:   cc cc cc cc cc cc cc cc cc cc 80 3d d1 71 10 00
0x00007ff85cc13336:   00 0f 95 c0 c3 cc cc cc cc cc cc cc cc cc cc cc
0x00007ff85cc13346:   cc cc cc cc cc cc cc cc cc cc 48 83 ec 38 8b 05
0x00007ff85cc13356:   d2 57 10 00 89 44 24 20 e8 41 02 00 00 48 83 c4
0x00007ff85cc13366:   38 c3 cc cc cc cc cc cc cc cc 48 89 5c 24 18 55
0x00007ff85cc13376:   56 57 41 54 41 55 41 56 41 57 48 81 ec a0 00 00
0x00007ff85cc13386:   00 48 8b 05 82 f1 11 00 48 33 c4 48 89 84 24 90
0x00007ff85cc13396:   00 00 00 65 4c 8b 2c 25 30 00 00 00 48 8d 05 4f
0x00007ff85cc133a6:   11 10 00 40 32 ed 89 54 24 48 33 f6 40 88 6c 24
0x00007ff85cc133b6:   40 4c 89 6c 24 50 48 8b d9 44 8b e6 48 3b c8 0f
0x00007ff85cc133c6:   84 39 01 00 00 40 38 35 36 71 10 00 0f 85 a8 01
0x00007ff85cc133d6:   00 00 39 35 4a 71 10 00 0f 85 6a 01 00 00 40 38
0x00007ff85cc133e6:   35 0d 6c 10 00 48 8d 3d 0e 6c 10 00 48 0f 45 fe
0x00007ff85cc133f6:   48 39 73 18 0f 84 d2 00 00 00 48 8b 03 48 83 f8
0x00007ff85cc13406:   ff 0f 84 d2 00 00 00 44 8b fe 48 83 f8 ff 74 03
0x00007ff85cc13416:   ff 40 24 4c 8b 73 18 4c 8d 2d d4 10 10 00 bd 22
0x00007ff85cc13426:   17 00 00 e8 22 14 fc ff 85 c0 0f 85 7e b2 05 00
0x00007ff85cc13436:   b9 82 03 fe 7f 80 39 00 0f 85 8c b2 05 00 49 83
0x00007ff85cc13446:   fe ff 0f 85 1a b3 05 00 4c 8b cf c7 44 24 20 00
0x00007ff85cc13456:   00 00 00 41 b8 04 00 00 00 48 8d 54 24 48 48 8d
0x00007ff85cc13466:   4b 08 e8 37 01 00 00 3d 02 01 00 00 0f 84 03 b3
0x00007ff85cc13476:   05 00 8b 4b 08 89 4c 24 48 f6 c1 02 75 ca 3d 02
0x00007ff85cc13486:   01 00 00 0f 84 ec b2 05 00 0f b6 6c 24 40 4c 8b
0x00007ff85cc13496:   6c 24 50 85 c0 0f 88 38 b4 05 00 40 84 ed 75 73
0x00007ff85cc134a6:   48 8b 8c 24 90 00 00 00 48 33 cc e8 8a 8d 02 00
0x00007ff85cc134b6:   48 8b 9c 24 f0 00 00 00 48 81 c4 a0 00 00 00 41
0x00007ff85cc134c6:   5f 41 5e 41 5d 41 5c 5f 5e 5d c3 cc 48 8b cb e8
0x00007ff85cc134d6:   56 05 00 00 e9 21 ff ff ff 8b 4b 20 48 c7 c0 ff
0x00007ff85cc134e6:   ff ff ff 48 0f ba e1 18 0f 82 19 ff ff ff 48 8b
0x00007ff85cc134f6:   cb e8 44 e3 fa ff 48 8b 03 e9 09 ff ff ff c6 44
0x00007ff85cc13506:   24 40 01 41 c7 85 60 17 00 00 01 00 00 00 e9 b2 


Stack slot to memory mapping:
stack at sp + 0 slots: 0xffffffffffffffff is an unknown value
stack at sp + 1 slots: 0x00007ff819d43db8 graphics-hook64.dll
stack at sp + 2 slots: 0x00000215d8fac8d0 points into unknown readable memory: 00 27 00 40 40 28 00 40
stack at sp + 3 slots: 0x00007ff85cbd47b1 ntdll.dll
stack at sp + 4 slots: 0x0 is NULL
stack at sp + 5 slots: 0x00000215aea40000 points into unknown readable memory: 00 00 00 00 00 00 00 00
stack at sp + 6 slots: 0x00000215d62e4040 points into unknown readable memory: 09 00 00 00 04 10 00 10
stack at sp + 7 slots: 0x0 is NULL


---------------  P R O C E S S  ---------------

Threads class SMR info:
_java_thread_list=0x00000215cfaf4cd0, length=10, elements={
0x00000215b0c49800, 0x00000215cf084800, 0x00000215cf086800, 0x00000215cf09e000,
0x00000215cf0a2000, 0x00000215cf0a4800, 0x00000215cf0ad800, 0x00000215cf0b3000,
0x00000215cfb21800, 0x00000215cfb27000
}

Java Threads: ( => current thread )
=>0x00000215b0c49800 JavaThread "main" [_thread_in_native, id=4552, stack(0x0000002e7e200000,0x0000002e7e300000)]
  0x00000215cf084800 JavaThread "Reference Handler" daemon [_thread_blocked, id=14260, stack(0x0000002e7e900000,0x0000002e7ea00000)]
  0x00000215cf086800 JavaThread "Finalizer" daemon [_thread_blocked, id=14120, stack(0x0000002e7ea00000,0x0000002e7eb00000)]
  0x00000215cf09e000 JavaThread "Signal Dispatcher" daemon [_thread_blocked, id=2316, stack(0x0000002e7eb00000,0x0000002e7ec00000)]
  0x00000215cf0a2000 JavaThread "Attach Listener" daemon [_thread_blocked, id=3060, stack(0x0000002e7ec00000,0x0000002e7ed00000)]
  0x00000215cf0a4800 JavaThread "C2 CompilerThread0" daemon [_thread_blocked, id=10684, stack(0x0000002e7ed00000,0x0000002e7ee00000)]
  0x00000215cf0ad800 JavaThread "C1 CompilerThread0" daemon [_thread_blocked, id=5816, stack(0x0000002e7ee00000,0x0000002e7ef00000)]
  0x00000215cf0b3000 JavaThread "Sweeper thread" daemon [_thread_blocked, id=8912, stack(0x0000002e7ef00000,0x0000002e7f000000)]
  0x00000215cfb21800 JavaThread "Service Thread" daemon [_thread_blocked, id=3120, stack(0x0000002e7f000000,0x0000002e7f100000)]
  0x00000215cfb27000 JavaThread "Common-Cleaner" daemon [_thread_blocked, id=7600, stack(0x0000002e7f200000,0x0000002e7f300000)]

Other Threads:
  0x00000215cf07e800 VMThread "VM Thread" [stack: 0x0000002e7e800000,0x0000002e7e900000] [id=4780]
  0x00000215cfb26800 WatcherThread [stack: 0x0000002e7f100000,0x0000002e7f200000] [id=6552]
  0x00000215b0c89800 GCTaskThread "GC Thread#0" [stack: 0x0000002e7e300000,0x0000002e7e400000] [id=9140]
  0x00000215cfbe4800 GCTaskThread "GC Thread#1" [stack: 0x0000002e7fb00000,0x0000002e7fc00000] [id=4140]
  0x00000215d86ac800 GCTaskThread "GC Thread#2" [stack: 0x0000002e7fc00000,0x0000002e7fd00000] [id=13600]
  0x00000215b0c98800 ConcurrentGCThread "G1 Main Marker" [stack: 0x0000002e7e400000,0x0000002e7e500000] [id=5080]
  0x00000215b0c9b800 ConcurrentGCThread "G1 Conc#0" [stack: 0x0000002e7e500000,0x0000002e7e600000] [id=7608]
  0x00000215b0d2d000 ConcurrentGCThread "G1 Refine#0" [stack: 0x0000002e7e600000,0x0000002e7e700000] [id=10936]
  0x00000215b0d2e000 ConcurrentGCThread "G1 Young RemSet Sampling" [stack: 0x0000002e7e700000,0x0000002e7e800000] [id=4956]

Threads with active compile tasks:

VM state:not at safepoint (normal execution)

VM Mutex/Monitor currently owned by a thread: None

Heap address: 0x0000000081400000, size: 2028 MB, Compressed Oops mode: 32-bit
Narrow klass base: 0x0000000800000000, Narrow klass shift: 3
Compressed class space size: 1073741824 Address: 0x0000000801190000

Heap:
 garbage-first heap   total 131072K, used 13194K [0x0000000081400000, 0x0000000100000000)
  region size 1024K, 14 young (14336K), 2 survivors (2048K)
 Metaspace       used 6276K, capacity 9024K, committed 9088K, reserved 1058816K
  class space    used 314K, capacity 626K, committed 640K, reserved 1048576K
Heap Regions: E=young(eden), S=young(survivor), O=old, HS=humongous(starts), HC=humongous(continues), CS=collection set, F=free, A=archive, TAMS=top-at-mark-start (previous, next)
|   0|0x0000000081400000, 0x0000000081400000, 0x0000000081500000|  0%| F|  |TAMS 0x0000000081400000, 0x0000000081400000| Untracked 
|   1|0x0000000081500000, 0x0000000081500000, 0x0000000081600000|  0%| F|  |TAMS 0x0000000081500000, 0x0000000081500000| Untracked 
|   2|0x0000000081600000, 0x0000000081600000, 0x0000000081700000|  0%| F|  |TAMS 0x0000000081600000, 0x0000000081600000| Untracked 
|   3|0x0000000081700000, 0x0000000081700000, 0x0000000081800000|  0%| F|  |TAMS 0x0000000081700000, 0x0000000081700000| Untracked 
|   4|0x0000000081800000, 0x0000000081800000, 0x0000000081900000|  0%| F|  |TAMS 0x0000000081800000, 0x0000000081800000| Untracked 
|   5|0x0000000081900000, 0x0000000081900000, 0x0000000081a00000|  0%| F|  |TAMS 0x0000000081900000, 0x0000000081900000| Untracked 
|   6|0x0000000081a00000, 0x0000000081a00000, 0x0000000081b00000|  0%| F|  |TAMS 0x0000000081a00000, 0x0000000081a00000| Untracked 
|   7|0x0000000081b00000, 0x0000000081b00000, 0x0000000081c00000|  0%| F|  |TAMS 0x0000000081b00000, 0x0000000081b00000| Untracked 
|   8|0x0000000081c00000, 0x0000000081c00000, 0x0000000081d00000|  0%| F|  |TAMS 0x0000000081c00000, 0x0000000081c00000| Untracked 
|   9|0x0000000081d00000, 0x0000000081d00000, 0x0000000081e00000|  0%| F|  |TAMS 0x0000000081d00000, 0x0000000081d00000| Untracked 
|  10|0x0000000081e00000, 0x0000000081e00000, 0x0000000081f00000|  0%| F|  |TAMS 0x0000000081e00000, 0x0000000081e00000| Untracked 
|  11|0x0000000081f00000, 0x0000000081f00000, 0x0000000082000000|  0%| F|  |TAMS 0x0000000081f00000, 0x0000000081f00000| Untracked 
|  12|0x0000000082000000, 0x0000000082000000, 0x0000000082100000|  0%| F|  |TAMS 0x0000000082000000, 0x0000000082000000| Untracked 
|  13|0x0000000082100000, 0x0000000082100000, 0x0000000082200000|  0%| F|  |TAMS 0x0000000082100000, 0x0000000082100000| Untracked 
|  14|0x0000000082200000, 0x0000000082200000, 0x0000000082300000|  0%| F|  |TAMS 0x0000000082200000, 0x0000000082200000| Untracked 
|  15|0x0000000082300000, 0x0000000082300000, 0x0000000082400000|  0%| F|  |TAMS 0x0000000082300000, 0x0000000082300000| Untracked 
|  16|0x0000000082400000, 0x0000000082400000, 0x0000000082500000|  0%| F|  |TAMS 0x0000000082400000, 0x0000000082400000| Untracked 
|  17|0x0000000082500000, 0x0000000082500000, 0x0000000082600000|  0%| F|  |TAMS 0x0000000082500000, 0x0000000082500000| Untracked 
|  18|0x0000000082600000, 0x0000000082600000, 0x0000000082700000|  0%| F|  |TAMS 0x0000000082600000, 0x0000000082600000| Untracked 
|  19|0x0000000082700000, 0x0000000082700000, 0x0000000082800000|  0%| F|  |TAMS 0x0000000082700000, 0x0000000082700000| Untracked 
|  20|0x0000000082800000, 0x0000000082800000, 0x0000000082900000|  0%| F|  |TAMS 0x0000000082800000, 0x0000000082800000| Untracked 
|  21|0x0000000082900000, 0x0000000082900000, 0x0000000082a00000|  0%| F|  |TAMS 0x0000000082900000, 0x0000000082900000| Untracked 
|  22|0x0000000082a00000, 0x0000000082a00000, 0x0000000082b00000|  0%| F|  |TAMS 0x0000000082a00000, 0x0000000082a00000| Untracked 
|  23|0x0000000082b00000, 0x0000000082b00000, 0x0000000082c00000|  0%| F|  |TAMS 0x0000000082b00000, 0x0000000082b00000| Untracked 
|  24|0x0000000082c00000, 0x0000000082c00000, 0x0000000082d00000|  0%| F|  |TAMS 0x0000000082c00000, 0x0000000082c00000| Untracked 
|  25|0x0000000082d00000, 0x0000000082d00000, 0x0000000082e00000|  0%| F|  |TAMS 0x0000000082d00000, 0x0000000082d00000| Untracked 
|  26|0x0000000082e00000, 0x0000000082e00000, 0x0000000082f00000|  0%| F|  |TAMS 0x0000000082e00000, 0x0000000082e00000| Untracked 
|  27|0x0000000082f00000, 0x0000000082f00000, 0x0000000083000000|  0%| F|  |TAMS 0x0000000082f00000, 0x0000000082f00000| Untracked 
|  28|0x0000000083000000, 0x0000000083000000, 0x0000000083100000|  0%| F|  |TAMS 0x0000000083000000, 0x0000000083000000| Untracked 
|  29|0x0000000083100000, 0x0000000083100000, 0x0000000083200000|  0%| F|  |TAMS 0x0000000083100000, 0x0000000083100000| Untracked 
|  30|0x0000000083200000, 0x0000000083200000, 0x0000000083300000|  0%| F|  |TAMS 0x0000000083200000, 0x0000000083200000| Untracked 
|  31|0x0000000083300000, 0x0000000083300000, 0x0000000083400000|  0%| F|  |TAMS 0x0000000083300000, 0x0000000083300000| Untracked 
|  32|0x0000000083400000, 0x0000000083400000, 0x0000000083500000|  0%| F|  |TAMS 0x0000000083400000, 0x0000000083400000| Untracked 
|  33|0x0000000083500000, 0x0000000083500000, 0x0000000083600000|  0%| F|  |TAMS 0x0000000083500000, 0x0000000083500000| Untracked 
|  34|0x0000000083600000, 0x0000000083600000, 0x0000000083700000|  0%| F|  |TAMS 0x0000000083600000, 0x0000000083600000| Untracked 
|  35|0x0000000083700000, 0x0000000083700000, 0x0000000083800000|  0%| F|  |TAMS 0x0000000083700000, 0x0000000083700000| Untracked 
|  36|0x0000000083800000, 0x0000000083800000, 0x0000000083900000|  0%| F|  |TAMS 0x0000000083800000, 0x0000000083800000| Untracked 
|  37|0x0000000083900000, 0x0000000083900000, 0x0000000083a00000|  0%| F|  |TAMS 0x0000000083900000, 0x0000000083900000| Untracked 
|  38|0x0000000083a00000, 0x0000000083a00000, 0x0000000083b00000|  0%| F|  |TAMS 0x0000000083a00000, 0x0000000083a00000| Untracked 
|  39|0x0000000083b00000, 0x0000000083b00000, 0x0000000083c00000|  0%| F|  |TAMS 0x0000000083b00000, 0x0000000083b00000| Untracked 
|  40|0x0000000083c00000, 0x0000000083c00000, 0x0000000083d00000|  0%| F|  |TAMS 0x0000000083c00000, 0x0000000083c00000| Untracked 
|  41|0x0000000083d00000, 0x0000000083d00000, 0x0000000083e00000|  0%| F|  |TAMS 0x0000000083d00000, 0x0000000083d00000| Untracked 
|  42|0x0000000083e00000, 0x0000000083e00000, 0x0000000083f00000|  0%| F|  |TAMS 0x0000000083e00000, 0x0000000083e00000| Untracked 
|  43|0x0000000083f00000, 0x0000000083f00000, 0x0000000084000000|  0%| F|  |TAMS 0x0000000083f00000, 0x0000000083f00000| Untracked 
|  44|0x0000000084000000, 0x0000000084000000, 0x0000000084100000|  0%| F|  |TAMS 0x0000000084000000, 0x0000000084000000| Untracked 
|  45|0x0000000084100000, 0x0000000084100000, 0x0000000084200000|  0%| F|  |TAMS 0x0000000084100000, 0x0000000084100000| Untracked 
|  46|0x0000000084200000, 0x0000000084200000, 0x0000000084300000|  0%| F|  |TAMS 0x0000000084200000, 0x0000000084200000| Untracked 
|  47|0x0000000084300000, 0x0000000084300000, 0x0000000084400000|  0%| F|  |TAMS 0x0000000084300000, 0x0000000084300000| Untracked 
|  48|0x0000000084400000, 0x0000000084400000, 0x0000000084500000|  0%| F|  |TAMS 0x0000000084400000, 0x0000000084400000| Untracked 
|  49|0x0000000084500000, 0x0000000084500000, 0x0000000084600000|  0%| F|  |TAMS 0x0000000084500000, 0x0000000084500000| Untracked 
|  50|0x0000000084600000, 0x0000000084600000, 0x0000000084700000|  0%| F|  |TAMS 0x0000000084600000, 0x0000000084600000| Untracked 
|  51|0x0000000084700000, 0x0000000084700000, 0x0000000084800000|  0%| F|  |TAMS 0x0000000084700000, 0x0000000084700000| Untracked 
|  52|0x0000000084800000, 0x0000000084800000, 0x0000000084900000|  0%| F|  |TAMS 0x0000000084800000, 0x0000000084800000| Untracked 
|  53|0x0000000084900000, 0x0000000084900000, 0x0000000084a00000|  0%| F|  |TAMS 0x0000000084900000, 0x0000000084900000| Untracked 
|  54|0x0000000084a00000, 0x0000000084a00000, 0x0000000084b00000|  0%| F|  |TAMS 0x0000000084a00000, 0x0000000084a00000| Untracked 
|  55|0x0000000084b00000, 0x0000000084b00000, 0x0000000084c00000|  0%| F|  |TAMS 0x0000000084b00000, 0x0000000084b00000| Untracked 
|  56|0x0000000084c00000, 0x0000000084c00000, 0x0000000084d00000|  0%| F|  |TAMS 0x0000000084c00000, 0x0000000084c00000| Untracked 
|  57|0x0000000084d00000, 0x0000000084d00000, 0x0000000084e00000|  0%| F|  |TAMS 0x0000000084d00000, 0x0000000084d00000| Untracked 
|  58|0x0000000084e00000, 0x0000000084e00000, 0x0000000084f00000|  0%| F|  |TAMS 0x0000000084e00000, 0x0000000084e00000| Untracked 
|  59|0x0000000084f00000, 0x0000000084f00000, 0x0000000085000000|  0%| F|  |TAMS 0x0000000084f00000, 0x0000000084f00000| Untracked 
|  60|0x0000000085000000, 0x0000000085000000, 0x0000000085100000|  0%| F|  |TAMS 0x0000000085000000, 0x0000000085000000| Untracked 
|  61|0x0000000085100000, 0x0000000085100000, 0x0000000085200000|  0%| F|  |TAMS 0x0000000085100000, 0x0000000085100000| Untracked 
|  62|0x0000000085200000, 0x0000000085200000, 0x0000000085300000|  0%| F|  |TAMS 0x0000000085200000, 0x0000000085200000| Untracked 
|  63|0x0000000085300000, 0x0000000085300000, 0x0000000085400000|  0%| F|  |TAMS 0x0000000085300000, 0x0000000085300000| Untracked 
|  64|0x0000000085400000, 0x0000000085400000, 0x0000000085500000|  0%| F|  |TAMS 0x0000000085400000, 0x0000000085400000| Untracked 
|  65|0x0000000085500000, 0x0000000085500000, 0x0000000085600000|  0%| F|  |TAMS 0x0000000085500000, 0x0000000085500000| Untracked 
|  66|0x0000000085600000, 0x0000000085600000, 0x0000000085700000|  0%| F|  |TAMS 0x0000000085600000, 0x0000000085600000| Untracked 
|  67|0x0000000085700000, 0x0000000085700000, 0x0000000085800000|  0%| F|  |TAMS 0x0000000085700000, 0x0000000085700000| Untracked 
|  68|0x0000000085800000, 0x0000000085800000, 0x0000000085900000|  0%| F|  |TAMS 0x0000000085800000, 0x0000000085800000| Untracked 
|  69|0x0000000085900000, 0x0000000085900000, 0x0000000085a00000|  0%| F|  |TAMS 0x0000000085900000, 0x0000000085900000| Untracked 
|  70|0x0000000085a00000, 0x0000000085a00000, 0x0000000085b00000|  0%| F|  |TAMS 0x0000000085a00000, 0x0000000085a00000| Untracked 
|  71|0x0000000085b00000, 0x0000000085b00000, 0x0000000085c00000|  0%| F|  |TAMS 0x0000000085b00000, 0x0000000085b00000| Untracked 
|  72|0x0000000085c00000, 0x0000000085c00000, 0x0000000085d00000|  0%| F|  |TAMS 0x0000000085c00000, 0x0000000085c00000| Untracked 
|  73|0x0000000085d00000, 0x0000000085d00000, 0x0000000085e00000|  0%| F|  |TAMS 0x0000000085d00000, 0x0000000085d00000| Untracked 
|  74|0x0000000085e00000, 0x0000000085e00000, 0x0000000085f00000|  0%| F|  |TAMS 0x0000000085e00000, 0x0000000085e00000| Untracked 
|  75|0x0000000085f00000, 0x0000000085f00000, 0x0000000086000000|  0%| F|  |TAMS 0x0000000085f00000, 0x0000000085f00000| Untracked 
|  76|0x0000000086000000, 0x0000000086000000, 0x0000000086100000|  0%| F|  |TAMS 0x0000000086000000, 0x0000000086000000| Untracked 
|  77|0x0000000086100000, 0x0000000086100000, 0x0000000086200000|  0%| F|  |TAMS 0x0000000086100000, 0x0000000086100000| Untracked 
|  78|0x0000000086200000, 0x0000000086200000, 0x0000000086300000|  0%| F|  |TAMS 0x0000000086200000, 0x0000000086200000| Untracked 
|  79|0x0000000086300000, 0x0000000086300000, 0x0000000086400000|  0%| F|  |TAMS 0x0000000086300000, 0x0000000086300000| Untracked 
|  80|0x0000000086400000, 0x0000000086400000, 0x0000000086500000|  0%| F|  |TAMS 0x0000000086400000, 0x0000000086400000| Untracked 
|  81|0x0000000086500000, 0x0000000086500000, 0x0000000086600000|  0%| F|  |TAMS 0x0000000086500000, 0x0000000086500000| Untracked 
|  82|0x0000000086600000, 0x0000000086600000, 0x0000000086700000|  0%| F|  |TAMS 0x0000000086600000, 0x0000000086600000| Untracked 
|  83|0x0000000086700000, 0x0000000086700000, 0x0000000086800000|  0%| F|  |TAMS 0x0000000086700000, 0x0000000086700000| Untracked 
|  84|0x0000000086800000, 0x0000000086800000, 0x0000000086900000|  0%| F|  |TAMS 0x0000000086800000, 0x0000000086800000| Untracked 
|  85|0x0000000086900000, 0x0000000086900000, 0x0000000086a00000|  0%| F|  |TAMS 0x0000000086900000, 0x0000000086900000| Untracked 
|  86|0x0000000086a00000, 0x0000000086a00000, 0x0000000086b00000|  0%| F|  |TAMS 0x0000000086a00000, 0x0000000086a00000| Untracked 
|  87|0x0000000086b00000, 0x0000000086b00000, 0x0000000086c00000|  0%| F|  |TAMS 0x0000000086b00000, 0x0000000086b00000| Untracked 
|  88|0x0000000086c00000, 0x0000000086c00000, 0x0000000086d00000|  0%| F|  |TAMS 0x0000000086c00000, 0x0000000086c00000| Untracked 
|  89|0x0000000086d00000, 0x0000000086d00000, 0x0000000086e00000|  0%| F|  |TAMS 0x0000000086d00000, 0x0000000086d00000| Untracked 
|  90|0x0000000086e00000, 0x0000000086e00000, 0x0000000086f00000|  0%| F|  |TAMS 0x0000000086e00000, 0x0000000086e00000| Untracked 
|  91|0x0000000086f00000, 0x0000000086f00000, 0x0000000087000000|  0%| F|  |TAMS 0x0000000086f00000, 0x0000000086f00000| Untracked 
|  92|0x0000000087000000, 0x0000000087000000, 0x0000000087100000|  0%| F|  |TAMS 0x0000000087000000, 0x0000000087000000| Untracked 
|  93|0x0000000087100000, 0x0000000087100000, 0x0000000087200000|  0%| F|  |TAMS 0x0000000087100000, 0x0000000087100000| Untracked 
|  94|0x0000000087200000, 0x0000000087200000, 0x0000000087300000|  0%| F|  |TAMS 0x0000000087200000, 0x0000000087200000| Untracked 
|  95|0x0000000087300000, 0x0000000087300000, 0x0000000087400000|  0%| F|  |TAMS 0x0000000087300000, 0x0000000087300000| Untracked 
|  96|0x0000000087400000, 0x0000000087400000, 0x0000000087500000|  0%| F|  |TAMS 0x0000000087400000, 0x0000000087400000| Untracked 
|  97|0x0000000087500000, 0x0000000087500000, 0x0000000087600000|  0%| F|  |TAMS 0x0000000087500000, 0x0000000087500000| Untracked 
|  98|0x0000000087600000, 0x0000000087600000, 0x0000000087700000|  0%| F|  |TAMS 0x0000000087600000, 0x0000000087600000| Untracked 
|  99|0x0000000087700000, 0x0000000087700000, 0x0000000087800000|  0%| F|  |TAMS 0x0000000087700000, 0x0000000087700000| Untracked 
| 100|0x0000000087800000, 0x0000000087800000, 0x0000000087900000|  0%| F|  |TAMS 0x0000000087800000, 0x0000000087800000| Untracked 
| 101|0x0000000087900000, 0x0000000087900000, 0x0000000087a00000|  0%| F|  |TAMS 0x0000000087900000, 0x0000000087900000| Untracked 
| 102|0x0000000087a00000, 0x0000000087a00000, 0x0000000087b00000|  0%| F|  |TAMS 0x0000000087a00000, 0x0000000087a00000| Untracked 
| 103|0x0000000087b00000, 0x0000000087b00000, 0x0000000087c00000|  0%| F|  |TAMS 0x0000000087b00000, 0x0000000087b00000| Untracked 
| 104|0x0000000087c00000, 0x0000000087c00000, 0x0000000087d00000|  0%| F|  |TAMS 0x0000000087c00000, 0x0000000087c00000| Untracked 
| 105|0x0000000087d00000, 0x0000000087d00000, 0x0000000087e00000|  0%| F|  |TAMS 0x0000000087d00000, 0x0000000087d00000| Untracked 
| 106|0x0000000087e00000, 0x0000000087e00000, 0x0000000087f00000|  0%| F|  |TAMS 0x0000000087e00000, 0x0000000087e00000| Untracked 
| 107|0x0000000087f00000, 0x0000000087f00000, 0x0000000088000000|  0%| F|  |TAMS 0x0000000087f00000, 0x0000000087f00000| Untracked 
| 108|0x0000000088000000, 0x0000000088000000, 0x0000000088100000|  0%| F|  |TAMS 0x0000000088000000, 0x0000000088000000| Untracked 
| 109|0x0000000088100000, 0x0000000088100000, 0x0000000088200000|  0%| F|  |TAMS 0x0000000088100000, 0x0000000088100000| Untracked 
| 110|0x0000000088200000, 0x0000000088200000, 0x0000000088300000|  0%| F|  |TAMS 0x0000000088200000, 0x0000000088200000| Untracked 
| 111|0x0000000088300000, 0x0000000088300000, 0x0000000088400000|  0%| F|  |TAMS 0x0000000088300000, 0x0000000088300000| Untracked 
| 112|0x0000000088400000, 0x00000000884e2b60, 0x0000000088500000| 88%| S|CS|TAMS 0x0000000088400000, 0x0000000088400000| Complete 
| 113|0x0000000088500000, 0x0000000088600000, 0x0000000088600000|100%| S|CS|TAMS 0x0000000088500000, 0x0000000088500000| Complete 
| 114|0x0000000088600000, 0x0000000088600000, 0x0000000088700000|  0%| F|  |TAMS 0x0000000088600000, 0x0000000088600000| Untracked 
| 115|0x0000000088700000, 0x0000000088700000, 0x0000000088800000|  0%| F|  |TAMS 0x0000000088700000, 0x0000000088700000| Untracked 
| 116|0x0000000088800000, 0x0000000088880800, 0x0000000088900000| 50%| E|  |TAMS 0x0000000088800000, 0x0000000088800000| Complete 
| 117|0x0000000088900000, 0x0000000088a00000, 0x0000000088a00000|100%| E|CS|TAMS 0x0000000088900000, 0x0000000088900000| Complete 
| 118|0x0000000088a00000, 0x0000000088b00000, 0x0000000088b00000|100%| E|CS|TAMS 0x0000000088a00000, 0x0000000088a00000| Complete 
| 119|0x0000000088b00000, 0x0000000088c00000, 0x0000000088c00000|100%| E|CS|TAMS 0x0000000088b00000, 0x0000000088b00000| Complete 
| 120|0x0000000088c00000, 0x0000000088d00000, 0x0000000088d00000|100%| E|CS|TAMS 0x0000000088c00000, 0x0000000088c00000| Complete 
| 121|0x0000000088d00000, 0x0000000088e00000, 0x0000000088e00000|100%| E|CS|TAMS 0x0000000088d00000, 0x0000000088d00000| Complete 
| 122|0x0000000088e00000, 0x0000000088f00000, 0x0000000088f00000|100%| E|CS|TAMS 0x0000000088e00000, 0x0000000088e00000| Complete 
| 123|0x0000000088f00000, 0x0000000089000000, 0x0000000089000000|100%| E|CS|TAMS 0x0000000088f00000, 0x0000000088f00000| Complete 
| 124|0x0000000089000000, 0x0000000089100000, 0x0000000089100000|100%| E|CS|TAMS 0x0000000089000000, 0x0000000089000000| Complete 
| 125|0x0000000089100000, 0x0000000089200000, 0x0000000089200000|100%| E|CS|TAMS 0x0000000089100000, 0x0000000089100000| Complete 
| 126|0x0000000089200000, 0x0000000089300000, 0x0000000089300000|100%| E|CS|TAMS 0x0000000089200000, 0x0000000089200000| Complete 
| 127|0x0000000089300000, 0x0000000089400000, 0x0000000089400000|100%| E|CS|TAMS 0x0000000089300000, 0x0000000089300000| Complete 

Card table byte_map: [0x00000215c8460000,0x00000215c8860000] _byte_map_base: 0x00000215c8056000

Marking Bits (Prev, Next): (CMBitMap*) 0x00000215b0c8a998, (CMBitMap*) 0x00000215b0c8a9d8
 Prev Bits: [0x00000215c8c60000, 0x00000215cac10000)
 Next Bits: [0x00000215cac10000, 0x00000215ccbc0000)

Polling page: 0x00000215aea20000

Metaspace:

Usage:
  Non-class:      8.20 MB capacity,     5.82 MB ( 71%) used,     2.37 MB ( 29%) free+waste,    12.44 KB ( <1%) overhead. 
      Class:    626.00 KB capacity,   314.89 KB ( 50%) used,   305.92 KB ( 49%) free+waste,     5.19 KB ( <1%) overhead. 
       Both:      8.81 MB capacity,     6.13 MB ( 70%) used,     2.67 MB ( 30%) free+waste,    17.63 KB ( <1%) overhead. 

Virtual space:
  Non-class space:       10.00 MB reserved,       8.25 MB ( 83%) committed 
      Class space:        1.00 GB reserved,     640.00 KB ( <1%) committed 
             Both:        1.01 GB reserved,       8.88 MB ( <1%) committed 

Chunk freelists:
   Non-Class:  6.25 KB
       Class:  1.75 KB
        Both:  8.00 KB

CodeHeap 'non-profiled nmethods': size=120064Kb used=399Kb max_used=399Kb free=119664Kb
 bounds [0x00000215c0b20000, 0x00000215c0d90000, 0x00000215c8060000]
CodeHeap 'profiled nmethods': size=120000Kb used=2584Kb max_used=2584Kb free=117415Kb
 bounds [0x00000215b95f0000, 0x00000215b9880000, 0x00000215c0b20000]
CodeHeap 'non-nmethods': size=5696Kb used=1481Kb max_used=1500Kb free=4214Kb
 bounds [0x00000215b9060000, 0x00000215b92d0000, 0x00000215b95f0000]
 total_blobs=2523 nmethods=1263 adapters=897
 compilation: enabled
              stopped_count=0, restarted_count=0
 full_count=0

Compilation events (10 events):
Event: 28.724 Thread 0x00000215cf0a4800 1259       4       java.util.regex.Pattern::closure (365 bytes)
Event: 28.742 Thread 0x00000215cf0a4800 nmethod 1259 0x00000215c0b81810 code [0x00000215c0b81a00, 0x00000215c0b81ef8]
Event: 28.745 Thread 0x00000215cf0a4800 1260       4       java.util.regex.Pattern::append (39 bytes)
Event: 28.747 Thread 0x00000215cf0a4800 nmethod 1260 0x00000215c0b82210 code [0x00000215c0b823a0, 0x00000215c0b82478]
Event: 28.886 Thread 0x00000215cf0a4800 1261       4       org.lwjgl.system.MemoryUtil::memSet (238 bytes)
Event: 28.893 Thread 0x00000215cf0a4800 nmethod 1261 0x00000215c0b82590 code [0x00000215c0b82740, 0x00000215c0b828d8]
Event: 29.083 Thread 0x00000215cf0a4800 1262       4       java.util.regex.Pattern::RemoveQEQuoting (346 bytes)
Event: 29.096 Thread 0x00000215cf0a4800 nmethod 1262 0x00000215c0b82a90 code [0x00000215c0b82c40, 0x00000215c0b82e58]
Event: 32.629 Thread 0x00000215cf0a4800 1263       4       java.util.regex.Pattern$BmpCharPropertyGreedy::match (89 bytes)
Event: 32.644 Thread 0x00000215cf0a4800 nmethod 1263 0x00000215c0b82f90 code [0x00000215c0b83180, 0x00000215c0b83718]

GC Heap History (2 events):
Event: 3.006 GC heap before
{Heap before GC invocations=0 (full 0):
 garbage-first heap   total 131072K, used 13312K [0x0000000081400000, 0x0000000100000000)
  region size 1024K, 14 young (14336K), 0 survivors (0K)
 Metaspace       used 4515K, capacity 7788K, committed 8064K, reserved 1056768K
  class space    used 246K, capacity 580K, committed 640K, reserved 1048576K
}
Event: 3.014 GC heap after
{Heap after GC invocations=1 (full 0):
 garbage-first heap   total 131072K, used 1930K [0x0000000081400000, 0x0000000100000000)
  region size 1024K, 2 young (2048K), 2 survivors (2048K)
 Metaspace       used 4515K, capacity 7788K, committed 8064K, reserved 1056768K
  class space    used 246K, capacity 580K, committed 640K, reserved 1048576K
}

Deoptimization events (3 events):
Event: 0.158 Thread 0x00000215b0c49800 Uncommon trap: reason=unstable_if action=reinterpret pc=0x00000215c0b24c38 method=java.lang.String.hashCode()I @ 14 c2
Event: 0.324 Thread 0x00000215b0c49800 Uncommon trap: reason=unstable_if action=reinterpret pc=0x00000215c0b2a310 method=java.io.WinNTFileSystem.isSlash(C)Z @ 9 c2
Event: 3.946 Thread 0x00000215b0c49800 Uncommon trap: reason=speculate_null_check action=make_not_entrant pc=0x00000215c0b61408 method=sun.misc.Unsafe.putLong(Ljava/lang/Object;JJ)V @ 7 c2

Classes redefined (0 events):
No events

Internal exceptions (10 events):
Event: 0.692 Thread 0x00000215b0c49800 Exception <a 'sun/nio/fs/WindowsException'{0x0000000088f60de8}> (0x0000000088f60de8) thrown at [t:/workspace/open/src/hotspot/share/prims/jni.cpp, line 615]
Event: 0.799 Thread 0x00000215b0c49800 Exception <a 'sun/nio/fs/WindowsException'{0x0000000088ede008}> (0x0000000088ede008) thrown at [t:/workspace/open/src/hotspot/share/prims/jni.cpp, line 615]
Event: 0.799 Thread 0x00000215b0c49800 Exception <a 'sun/nio/fs/WindowsException'{0x0000000088ede378}> (0x0000000088ede378) thrown at [t:/workspace/open/src/hotspot/share/prims/jni.cpp, line 615]
Event: 1.999 Thread 0x00000215b0c49800 Exception <a 'java/lang/NoSuchMethodError'{0x0000000088d56020}: java.lang.invoke.DirectMethodHandle$Holder.invokeStaticInit(Ljava/lang/Object;JDD)V> (0x0000000088d56020) thrown at [t:/workspace/open/src/hotspot/share/interpreter/linkResolver.cpp, line 777
Event: 2.006 Thread 0x00000215b0c49800 Exception <a 'java/lang/NoSuchMethodError'{0x0000000088d68fd8}: java.lang.invoke.DirectMethodHandle$Holder.invokeStaticInit(Ljava/lang/Object;JIII)V> (0x0000000088d68fd8) thrown at [t:/workspace/open/src/hotspot/share/interpreter/linkResolver.cpp, line 77
Event: 2.019 Thread 0x00000215b0c49800 Exception <a 'java/lang/NoSuchMethodError'{0x0000000088d8b6e0}: java.lang.invoke.DirectMethodHandle$Holder.invokeStaticInit(Ljava/lang/Object;JIIII)V> (0x0000000088d8b6e0) thrown at [t:/workspace/open/src/hotspot/share/interpreter/linkResolver.cpp, line 7
Event: 2.100 Thread 0x00000215b0c49800 Exception <a 'sun/nio/fs/WindowsException'{0x0000000088de0398}> (0x0000000088de0398) thrown at [t:/workspace/open/src/hotspot/share/prims/jni.cpp, line 615]
Event: 2.100 Thread 0x00000215b0c49800 Exception <a 'sun/nio/fs/WindowsException'{0x0000000088de09e8}> (0x0000000088de09e8) thrown at [t:/workspace/open/src/hotspot/share/prims/jni.cpp, line 615]
Event: 2.132 Thread 0x00000215b0c49800 Exception <a 'sun/nio/fs/WindowsException'{0x0000000088dfa8e8}> (0x0000000088dfa8e8) thrown at [t:/workspace/open/src/hotspot/share/prims/jni.cpp, line 615]
Event: 2.133 Thread 0x00000215b0c49800 Exception <a 'sun/nio/fs/WindowsException'{0x0000000088dfabd0}> (0x0000000088dfabd0) thrown at [t:/workspace/open/src/hotspot/share/prims/jni.cpp, line 615]

Events (10 events):
Event: 3.946 Thread 0x00000215b0c49800 DEOPT PACKING pc=0x00000215c0b61408 sp=0x0000002e7e2fede0
Event: 3.946 Thread 0x00000215b0c49800 DEOPT UNPACKING pc=0x00000215b9089baf sp=0x0000002e7e2fed58 mode 2
Event: 9.027 Thread 0x00000215b0c49800 DEOPT PACKING pc=0x00000215b97782ba sp=0x0000002e7e2fee00
Event: 9.027 Thread 0x00000215b0c49800 DEOPT UNPACKING pc=0x00000215b90899ce sp=0x0000002e7e2fe2a0 mode 0
Event: 9.312 Thread 0x00000215b0c49800 DEOPT PACKING pc=0x00000215b9787b7d sp=0x0000002e7e2fed70
Event: 9.312 Thread 0x00000215b0c49800 DEOPT UNPACKING pc=0x00000215b90899ce sp=0x0000002e7e2fe218 mode 0
Event: 9.386 Thread 0x00000215b0c49800 DEOPT PACKING pc=0x00000215b978a223 sp=0x0000002e7e2fece0
Event: 9.386 Thread 0x00000215b0c49800 DEOPT UNPACKING pc=0x00000215b90899ce sp=0x0000002e7e2fe200 mode 0
Event: 11.136 Thread 0x00000215b0c49800 DEOPT PACKING pc=0x00000215b9687ddb sp=0x0000002e7e2fe8a0
Event: 11.136 Thread 0x00000215b0c49800 DEOPT UNPACKING pc=0x00000215b90899ce sp=0x0000002e7e2fdd18 mode 0


Dynamic libraries:
0x00007ff74a3c0000 - 0x00007ff74a3cf000 	C:\Program Files\Java\jdk-12.0.2\bin\java.exe
0x00007ff85cbb0000 - 0x00007ff85cda5000 	C:\WINDOWS\SYSTEM32\ntdll.dll
0x00007ff85ad30000 - 0x00007ff85aded000 	C:\WINDOWS\System32\KERNEL32.DLL
0x00007ff85a600000 - 0x00007ff85a8c8000 	C:\WINDOWS\System32\KERNELBASE.dll
0x00007ff85aa30000 - 0x00007ff85ab30000 	C:\WINDOWS\System32\ucrtbase.dll
0x00007ff856030000 - 0x00007ff856046000 	C:\Program Files\Java\jdk-12.0.2\bin\VCRUNTIME140.dll
0x00007ff841cb0000 - 0x00007ff841cc8000 	C:\Program Files\Java\jdk-12.0.2\bin\jli.dll
0x00007ff85c860000 - 0x00007ff85c90c000 	C:\WINDOWS\System32\ADVAPI32.dll
0x00007ff85c4f0000 - 0x00007ff85c58e000 	C:\WINDOWS\System32\msvcrt.dll
0x00007ff85c640000 - 0x00007ff85c6db000 	C:\WINDOWS\System32\sechost.dll
0x00007ff85b300000 - 0x00007ff85b42b000 	C:\WINDOWS\System32\RPCRT4.dll
0x00007ff85b790000 - 0x00007ff85b930000 	C:\WINDOWS\System32\USER32.dll
0x00007ff85a9b0000 - 0x00007ff85a9d2000 	C:\WINDOWS\System32\win32u.dll
0x00007ff84b5d0000 - 0x00007ff84b86a000 	C:\WINDOWS\WinSxS\amd64_microsoft.windows.common-controls_6595b64144ccf1df_6.0.19041.844_none_ca00b6081b84eb1d\COMCTL32.dll
0x00007ff85acf0000 - 0x00007ff85ad1a000 	C:\WINDOWS\System32\GDI32.dll
0x00007ff85a450000 - 0x00007ff85a55b000 	C:\WINDOWS\System32\gdi32full.dll
0x00007ff85a560000 - 0x00007ff85a5fd000 	C:\WINDOWS\System32\msvcp_win.dll
0x00007ff854cc0000 - 0x00007ff854cca000 	C:\WINDOWS\SYSTEM32\VERSION.dll
0x00007ff85b690000 - 0x00007ff85b6c0000 	C:\WINDOWS\System32\IMM32.DLL
0x00007ff836e70000 - 0x00007ff836f1a000 	C:\Program Files\Java\jdk-12.0.2\bin\msvcp140.dll
0x00007ffffb5a0000 - 0x00007ffffc117000 	C:\Program Files\Java\jdk-12.0.2\bin\server\jvm.dll
0x00007ff85ad20000 - 0x00007ff85ad28000 	C:\WINDOWS\System32\PSAPI.DLL
0x00007ff848300000 - 0x00007ff848309000 	C:\WINDOWS\SYSTEM32\WSOCK32.dll
0x00007ff84f190000 - 0x00007ff84f1b7000 	C:\WINDOWS\SYSTEM32\WINMM.dll
0x00007ff85c7f0000 - 0x00007ff85c85b000 	C:\WINDOWS\System32\WS2_32.dll
0x00007ff858230000 - 0x00007ff858242000 	C:\WINDOWS\SYSTEM32\kernel.appcore.dll
0x00007ff840470000 - 0x00007ff840481000 	C:\Program Files\Java\jdk-12.0.2\bin\verify.dll
0x00007ff846d00000 - 0x00007ff846ee4000 	C:\WINDOWS\SYSTEM32\DBGHELP.DLL
0x00007ff846470000 - 0x00007ff84649c000 	C:\WINDOWS\SYSTEM32\dbgcore.DLL
0x00007ff85a8d0000 - 0x00007ff85a950000 	C:\WINDOWS\System32\bcryptPrimitives.dll
0x00007ff83d000000 - 0x00007ff83d026000 	C:\Program Files\Java\jdk-12.0.2\bin\java.dll
0x00007ff83db90000 - 0x00007ff83dba7000 	C:\Program Files\Java\jdk-12.0.2\bin\zip.dll
0x00007ff855a10000 - 0x00007ff855a1a000 	C:\Program Files\Java\jdk-12.0.2\bin\jimage.dll
0x00007ff85bda0000 - 0x00007ff85c4e2000 	C:\WINDOWS\System32\SHELL32.dll
0x00007ff858430000 - 0x00007ff858bc1000 	C:\WINDOWS\SYSTEM32\windows.storage.dll
0x00007ff85afa0000 - 0x00007ff85b2f5000 	C:\WINDOWS\System32\combase.dll
0x00007ff859d60000 - 0x00007ff859d8c000 	C:\WINDOWS\SYSTEM32\Wldp.dll
0x00007ff85c590000 - 0x00007ff85c63e000 	C:\WINDOWS\System32\SHCORE.dll
0x00007ff85b430000 - 0x00007ff85b485000 	C:\WINDOWS\System32\shlwapi.dll
0x00007ff85a230000 - 0x00007ff85a24f000 	C:\WINDOWS\SYSTEM32\profapi.dll
0x00007ff83cfe0000 - 0x00007ff83cff9000 	C:\Program Files\Java\jdk-12.0.2\bin\net.dll
0x00007ff84e2b0000 - 0x00007ff84e3bb000 	C:\WINDOWS\SYSTEM32\WINHTTP.dll
0x00007ff84bb70000 - 0x00007ff84bd5e000 	C:\WINDOWS\SYSTEM32\urlmon.dll
0x00007ff84bea0000 - 0x00007ff84c150000 	C:\WINDOWS\SYSTEM32\iertutil.dll
0x00007ff859a50000 - 0x00007ff859aba000 	C:\WINDOWS\system32\mswsock.dll
0x00007ff83cfc0000 - 0x00007ff83cfd3000 	C:\Program Files\Java\jdk-12.0.2\bin\nio.dll
0x00007ff805840000 - 0x00007ff8058a4000 	C:\Users\igort\AppData\Local\Temp\lwjgligort\3.2.3-build-13\lwjgl.dll
0x00007ff8057d0000 - 0x00007ff805832000 	C:\Users\igort\AppData\Local\Temp\lwjgligort\3.2.3-build-13\glfw.dll
0x00007ff857cf0000 - 0x00007ff857d8e000 	C:\WINDOWS\system32\uxtheme.dll
0x00007ff80b390000 - 0x00007ff80b3d5000 	C:\WINDOWS\SYSTEM32\dinput8.dll
0x00007ff826530000 - 0x00007ff826541000 	C:\WINDOWS\SYSTEM32\xinput1_4.dll
0x00007ff85a9e0000 - 0x00007ff85aa2e000 	C:\WINDOWS\System32\cfgmgr32.dll
0x00007ff85a0a0000 - 0x00007ff85a0cc000 	C:\WINDOWS\SYSTEM32\DEVOBJ.dll
0x00007ff857f40000 - 0x00007ff857f6f000 	C:\WINDOWS\SYSTEM32\dwmapi.dll
0x00007ff84d280000 - 0x00007ff84d3d2000 	C:\WINDOWS\SYSTEM32\inputhost.dll
0x00007ff85b6c0000 - 0x00007ff85b78d000 	C:\WINDOWS\System32\OLEAUT32.dll
0x00007ff857a50000 - 0x00007ff857b42000 	C:\WINDOWS\SYSTEM32\CoreMessaging.dll
0x00007ff856070000 - 0x00007ff8561c4000 	C:\WINDOWS\SYSTEM32\wintypes.dll
0x00007ff855ef0000 - 0x00007ff855fe7000 	C:\WINDOWS\SYSTEM32\PROPSYS.dll
0x00007ff857290000 - 0x00007ff8575ee000 	C:\WINDOWS\SYSTEM32\CoreUIComponents.dll
0x00007ff859030000 - 0x00007ff859063000 	C:\WINDOWS\SYSTEM32\ntmarta.dll
0x00007ff85b490000 - 0x00007ff85b5a5000 	C:\WINDOWS\System32\MSCTF.dll
0x00007ff807b10000 - 0x00007ff807d3d000 	C:\Program Files\Acer\Acer Power Management\SysHook.dll
0x00007ff85ac10000 - 0x00007ff85acea000 	C:\WINDOWS\System32\COMDLG32.dll
0x00007ff84ef50000 - 0x00007ff84ef57000 	C:\WINDOWS\SYSTEM32\MSIMG32.dll
0x00007ff85ae70000 - 0x00007ff85af9a000 	C:\WINDOWS\System32\ole32.dll
0x00007ff84ed60000 - 0x00007ff84edee000 	C:\WINDOWS\SYSTEM32\WINSPOOL.DRV
0x00007ff84efe0000 - 0x00007ff84f18b000 	C:\WINDOWS\WinSxS\amd64_microsoft.windows.gdiplus_6595b64144ccf1df_1.1.19041.928_none_faefac437613c6cc\gdiplus.dll
0x00007ff84edf0000 - 0x00007ff84ee56000 	C:\WINDOWS\SYSTEM32\OLEACC.dll
0x00007ff858bd0000 - 0x00007ff858bdd000 	C:\WINDOWS\SYSTEM32\HID.DLL
0x00007ff85b930000 - 0x00007ff85bd99000 	C:\WINDOWS\System32\SETUPAPI.DLL
0x00007ff85ab30000 - 0x00007ff85ab57000 	C:\WINDOWS\System32\bcrypt.dll
0x00007ff85a950000 - 0x00007ff85a9b0000 	C:\WINDOWS\System32\WINTRUST.dll
0x00007ff85a2f0000 - 0x00007ff85a44f000 	C:\WINDOWS\System32\CRYPT32.dll
0x00007ff859ee0000 - 0x00007ff859ef2000 	C:\WINDOWS\SYSTEM32\MSASN1.dll
0x00007ff83fb30000 - 0x00007ff83fc56000 	C:\WINDOWS\SYSTEM32\opengl32.dll
0x00007ff83f8e0000 - 0x00007ff83f90c000 	C:\WINDOWS\SYSTEM32\GLU32.dll
0x00007ff85c740000 - 0x00007ff85c7e9000 	C:\WINDOWS\System32\clbcatq.dll
0x0000000075000000 - 0x00000000776c0000 	C:\WINDOWS\System32\DriverStore\FileRepository\nvaci.inf_amd64_3a28859ceb44fcc2\nvoglv64.dll
0x00007ff856050000 - 0x00007ff856064000 	C:\WINDOWS\SYSTEM32\WTSAPI32.dll
0x00007ff853810000 - 0x00007ff85384b000 	C:\WINDOWS\SYSTEM32\dxcore.dll
0x00007ff82f1a0000 - 0x00007ff82f44e000 	C:\WINDOWS\system32\nvspcap64.dll
0x00007ff859d10000 - 0x00007ff859d5b000 	C:\WINDOWS\SYSTEM32\powrprof.dll
0x00007ff859cf0000 - 0x00007ff859d02000 	C:\WINDOWS\SYSTEM32\UMPDC.dll
0x00007ff8590a0000 - 0x00007ff8590fa000 	C:\WINDOWS\SYSTEM32\WINSTA.dll
0x00007ff858c30000 - 0x00007ff858d23000 	C:\WINDOWS\system32\dxgi.dll
0x00007ff856960000 - 0x00007ff856bc4000 	C:\WINDOWS\system32\d3d11.dll
0x00007ff831a10000 - 0x00007ff831afe000 	C:\WINDOWS\System32\DriverStore\FileRepository\nvaci.inf_amd64_3a28859ceb44fcc2\nvldumdx.dll
0x00007ff85c910000 - 0x00007ff85c92d000 	C:\WINDOWS\System32\imagehlp.dll
0x00007ff859c30000 - 0x00007ff859c48000 	C:\WINDOWS\SYSTEM32\CRYPTSP.dll
0x00007ff859400000 - 0x00007ff859434000 	C:\WINDOWS\system32\rsaenh.dll
0x00007ff859c20000 - 0x00007ff859c2c000 	C:\WINDOWS\SYSTEM32\CRYPTBASE.dll
0x00007ff810d50000 - 0x00007ff813212000 	C:\WINDOWS\System32\DriverStore\FileRepository\nvaci.inf_amd64_3a28859ceb44fcc2\nvwgf2umx.dll
0x00007ff84f9e0000 - 0x00007ff84fee3000 	C:\WINDOWS\system32\nvapi64.dll
0x00007ff84d3e0000 - 0x00007ff84d4d9000 	C:\WINDOWS\SYSTEM32\textinputframework.dll
0x00007ff806150000 - 0x00007ff8061a9000 	C:\Users\igort\AppData\Local\Temp\lwjgligort\3.2.3-build-13\lwjgl_opengl.dll
0x00007ff8528b0000 - 0x00007ff85380d000 	C:\WINDOWS\SYSTEM32\igd10iumd64.dll
0x00007ff859dd0000 - 0x00007ff859df7000 	C:\WINDOWS\SYSTEM32\ncrypt.dll
0x00007ff859d90000 - 0x00007ff859dcb000 	C:\WINDOWS\SYSTEM32\NTASN1.dll
0x00007ff851cf0000 - 0x00007ff85272f000 	C:\WINDOWS\SYSTEM32\igdusc64.dll
0x00007ff819d10000 - 0x00007ff819d4b000 	C:\ProgramData\obs-studio-hook\graphics-hook64.dll

dbghelp: loaded successfully - version: 4.0.5 - missing functions: none
symbol engine: initialized successfully - sym options: 0x614 - pdb path: .;C:\Program Files\Java\jdk-12.0.2\bin;C:\WINDOWS\SYSTEM32;C:\WINDOWS\WinSxS\amd64_microsoft.windows.common-controls_6595b64144ccf1df_6.0.19041.844_none_ca00b6081b84eb1d;C:\Program Files\Java\jdk-12.0.2\bin\server;C:\Users\igort\AppData\Local\Temp\lwjgligort\3.2.3-build-13;C:\Program Files\Acer\Acer Power Management;C:\WINDOWS\WinSxS\amd64_microsoft.windows.gdiplus_6595b64144ccf1df_1.1.19041.928_none_faefac437613c6cc;C:\WINDOWS\System32\DriverStore\FileRepository\nvaci.inf_amd64_3a28859ceb44fcc2;C:\ProgramData\obs-studio-hook

VM Arguments:
jvm_args: -Dfile.encoding=windows-1252 -Duser.country=BR -Duser.language=pt -Duser.variant -ea 
java_command: Main
java_class_path (initial): C:\Users\igort\IdeaProjects\ShadowyGameEngine\build\classes\java\main;C:\Users\igort\IdeaProjects\ShadowyGameEngine\build\resources\main;C:\Users\igort\.gradle\caches\modules-2\files-2.1\org.lwjgl\lwjgl-assimp\3.2.3\f62aa07a20afbdd3097efc296c4841e0d29700eb\lwjgl-assimp-3.2.3.jar;C:\Users\igort\.gradle\caches\modules-2\files-2.1\org.lwjgl\lwjgl-assimp\3.2.3\4e60aeb75f0343c4a9ede4ef8b6b32ca702a00a3\lwjgl-assimp-3.2.3-natives-windows.jar;C:\Users\igort\.gradle\caches\modules-2\files-2.1\org.lwjgl\lwjgl-glfw\3.2.3\5e520d5c290c8b012545a8d34fa5db5ab051ea53\lwjgl-glfw-3.2.3.jar;C:\Users\igort\.gradle\caches\modules-2\files-2.1\org.lwjgl\lwjgl-glfw\3.2.3\b4d8a3477cdc2edcf7a5f1e822926be846223f54\lwjgl-glfw-3.2.3-natives-windows.jar;C:\Users\igort\.gradle\caches\modules-2\files-2.1\org.lwjgl\lwjgl-nfd\3.2.3\c44fee1043c022cf6614a28872d44cf114ca7737\lwjgl-nfd-3.2.3.jar;C:\Users\igort\.gradle\caches\modules-2\files-2.1\org.lwjgl\lwjgl-nfd\3.2.3\32782f5f5c57769efb82af864e70b819c77bc891\lwjgl-nfd-3.2.3-natives-windows.jar;C:\Users\igort\.gradle\caches\modules-2\files-2.1\org.lwjgl\lwjgl-openal\3.2.3\106742e805803ab9eab8e343f0fb31a3d263903c\lwjgl-openal-3.2.3.jar;C:\Users\igort\.gradle\caches\modules-2\files-2.1\org.lwjgl\lwjgl-openal\3.2.3\ec898e8ce11b5886f4f532a1536283ef2817758d\lwjgl-openal-3.2.3-natives-windows.jar;C:\Users\igort\.gradle\caches\modules-2\files-2.1\org.lwjgl\lwjgl-opengl\3.2.3\bdd534a323d0c8f54969b95e424b6ac8984f7d6e\lwjgl-opengl-3.2.3.jar;C:\Users\igort\.gradle\caches\modules-2\files-2.1\org.lwjgl\lwjgl-opengl\3.2.3\e81cfc73ec8708e5e791ed770e4ec3edfc1bbab1\lwjgl-opengl-3.2.3-natives-windows.jar;C:\Users\igort\.gradle\caches\modules-2\files-2.1\org.lwjgl\lwjgl-stb\3.2.3\40eccaa4fa86fc815f2e17946a392fb5fdcc286a\lwjgl-stb-3.2.3.jar;C:\Users\igort\.gradle\caches\modules-2\files-2.1\org.lwjgl\lwjgl-stb\3.2.3\817b21ec286f0ba3dcedb56a3bd275e6a9345be9\lwjgl-stb-3.2.3-natives-windows.jar;C:\Users\igort\.gradle\caches\modules-2\files-2.1\org.
Launcher Type: SUN_STANDARD

[Global flags]
     intx CICompilerCount                          = 3                                         {product} {ergonomic}
     uint ConcGCThreads                            = 1                                         {product} {ergonomic}
     uint G1ConcRefinementThreads                  = 4                                         {product} {ergonomic}
   size_t G1HeapRegionSize                         = 1048576                                   {product} {ergonomic}
    uintx GCDrainStackTargetSize                   = 64                                        {product} {ergonomic}
   size_t InitialHeapSize                          = 134217728                                 {product} {ergonomic}
   size_t MarkStackSize                            = 4194304                                   {product} {ergonomic}
   size_t MaxHeapSize                              = 2126512128                                {product} {ergonomic}
   size_t MaxNewSize                               = 1275068416                                {product} {ergonomic}
   size_t MinHeapDeltaBytes                        = 1048576                                   {product} {ergonomic}
    uintx NonNMethodCodeHeapSize                   = 5830732                                {pd product} {ergonomic}
    uintx NonProfiledCodeHeapSize                  = 122913754                              {pd product} {ergonomic}
    uintx ProfiledCodeHeapSize                     = 122913754                              {pd product} {ergonomic}
    uintx ReservedCodeCacheSize                    = 251658240                              {pd product} {ergonomic}
     bool SegmentedCodeCache                       = true                                      {product} {ergonomic}
     bool UseCompressedClassPointers               = true                                 {lp64_product} {ergonomic}
     bool UseCompressedOops                        = true                                 {lp64_product} {ergonomic}
     bool UseG1GC                                  = true                                      {product} {ergonomic}
     bool UseLargePagesIndividualAllocation        = false                                  {pd product} {ergonomic}

Logging:
Log output configuration:
 #0: stdout all=warning uptime,level,tags
 #1: stderr all=off uptime,level,tags

Environment Variables:
PATH=C:\Program Files (x86)\VMware\VMware Player\bin\;C:\Program Files\NVIDIA GPU Computing Toolkit\CUDA\v11.0\bin;C:\Program Files\NVIDIA GPU Computing Toolkit\CUDA\v11.0\libnvvp;C:\Program Files (x86)\Common Files\Oracle\Java\javapath;C:\Program Files (x86)\Intel\iCLS Client\;C:\Program Files\Intel\iCLS Client\;C:\Windows\system32;C:\Windows;C:\Windows\System32\Wbem;C:\Windows\System32\WindowsPowerShell\v1.0\;C:\Program Files (x86)\Intel\Intel(R) Management Engine Components\DAL;C:\Program Files\Intel\Intel(R) Management Engine Components\DAL;C:\Program Files (x86)\Intel\Intel(R) Management Engine Components\IPT;C:\Program Files\Intel\Intel(R) Management Engine Components\IPT;C:\Program Files (x86)\NVIDIA Corporation\PhysX\Common;C:\WINDOWS\system32;C:\WINDOWS;C:\WINDOWS\System32\Wbem;C:\WINDOWS\System32\WindowsPowerShell\v1.0\;C:\WINDOWS\System32\OpenSSH\;C:\xampp\php;C:\composer;C:\xampp\htdocs\TrabalhoES\vendor\bin;C:\Program Files\Git\cmd;C:\Users\igort\AppData\Local\Programs\Python\Python37\Scripts;C:\Program Files (x86)\Graphviz2.38\bin;C:\Program Files\NVIDIA Corporation\NVIDIA NvDLISR;C:\MinGW\bin;C:\Program Files\NVIDIA Corporation\Nsight Compute 2020.1.1\;C:\WINDOWS\system32;C:\WINDOWS;C:\WINDOWS\System32\Wbem;C:\WINDOWS\System32\WindowsPowerShell\v1.0\;C:\WINDOWS\System32\OpenSSH\;C:\Gradle\gradle-7.0\bin;C:\ProgramData\chocolatey\bin;C:\Program Files\nodejs\;C:\Program Files (x86)\Yarn\bin\;C:\Users\igort\AppData\Local\Programs\Python\Python39\Scripts\;C:\Users\igort\AppData\Local\Programs\Python\Python39\;C:\Users\igort\AppData\Local\Microsoft\WindowsApps;C:\Users\igort\AppData\Roaming\Composer\vendor\bin;C:\Users\igort\AppData\Local\atom\bin;C:\Users\igort\AppData\Local\Programs\Python\Python37\Scripts;C:\Users\igort\AppData\Local\Programs\Microsoft VS Code\bin;C:\Users\igort\AppData\Local\Microsoft\WindowsApps;C:\Program Files\heroku\bin;C:\Users\igort\AppData\Local\GitHubDesktop\bin;C:\Program Files\JetBrains\IntelliJ IDEA Community Edition 2021.1\bin
USERNAME=igort
OS=Windows_NT
PROCESSOR_IDENTIFIER=Intel64 Family 6 Model 61 Stepping 4, GenuineIntel



---------------  S Y S T E M  ---------------

OS: Windows 10 , 64 bit Build 19041 (10.0.19041.928)

CPU:total 4 (initial active 4) (2 cores per cpu, 2 threads per core) family 6 model 61 stepping 4, cmov, cx8, fxsr, mmx, sse, sse2, sse3, ssse3, sse4.1, sse4.2, popcnt, avx, avx2, aes, clmul, erms, 3dnowpref, lzcnt, ht, tsc, tscinvbit, bmi1, bmi2, adx, fma

Memory: 4k page, system-wide physical 8106M (1361M free)
TotalPageFile size 12074M (AvailPageFile size 1850M)
current process WorkingSet (physical memory assigned to process): 140M, peak: 140M
current process commit charge ("private bytes"): 301M, peak: 301M

vm_info: Java HotSpot(TM) 64-Bit Server VM (12.0.2+10) for windows-amd64 JRE (12.0.2+10), built on Jul 16 2019 01:56:17 by "mach5one" with MS VC++ 15.5 (VS2017)

END.
